<?xml version="1.0" encoding="UTF-8" standalone="yes"?>
<package>
<elm src-category='null'><![CDATA[dunes://service.dunes.ch/Action?id='ac4ae2fd-4ad1-4815-a355-e6fef5399992'&dunesName='Action'&name='demo'&category='com.vmware.library.powershell']]></elm>
</package>
